2025-12-14 22:26:56, MOVE, v:1, k:poo@pagamento, mode:PICK
2025-12-14 22:26:57, EXEC, v:1, k:poo@pagamento, mode:LOCK, rate:0
2025-12-14 22:26:58, EXEC, v:1, k:poo@pagamento, mode:LOCK, rate:0
2025-12-14 22:26:59, EXEC, v:1, k:poo@pagamento, mode:LOCK, rate:0
2025-12-14 22:33:50, MOVE, v:1, k:poo@pagamento, mode:PICK
2025-12-14 22:33:51, EXEC, v:1, k:poo@pagamento, mode:LOCK, rate:0, size:78
2025-12-14 22:40:43, EXEC, v:1, k:poo@pagamento, mode:LOCK, rate:0, size:75
2025-12-14 22:43:28, EXEC, v:1, k:poo@pagamento, mode:LOCK, rate:0, size:75
2025-12-14 22:45:19, EXEC, v:1, k:poo@pagamento, mode:LOCK, rate:0, size:75
2025-12-14 22:45:20, EXEC, v:1, k:poo@pagamento, mode:LOCK, rate:0
2025-12-14 22:45:21, EXEC, v:1, k:poo@pagamento, mode:LOCK, rate:0
2025-12-14 22:45:22, EXEC, v:1, k:poo@pagamento, mode:LOCK, rate:0
2025-12-14 22:51:49, MOVE, v:1, k:poo@estacionamento, mode:DOWN
2025-12-14 23:03:44, MOVE, v:1, k:poo@zoo, mode:PICK
2025-12-14 23:03:45, EXEC, v:1, k:poo@zoo, mode:LOCK, rate:0
2025-12-14 23:03:47, EXEC, v:1, k:poo@zoo, mode:LOCK, rate:0
2025-12-14 23:03:51, MOVE, v:1, k:poo@zoo, mode:BACK
2025-12-14 23:04:10, MOVE, v:1, k:poo@estacionamento, mode:PICK
2025-12-14 23:04:14, EXEC, v:1, k:poo@estacionamento, mode:FULL, rate:0, size:3
2025-12-14 23:04:14, EXEC, v:1, k:poo@estacionamento, mode:FULL, rate:0, size:3
2025-12-14 23:04:15, EXEC, v:1, k:poo@estacionamento, mode:FULL, rate:0, size:3
2025-12-14 23:04:15, EXEC, v:1, k:poo@estacionamento, mode:FULL, rate:0, size:3
2025-12-14 23:04:15, EXEC, v:1, k:poo@estacionamento, mode:FULL, rate:0, size:3
2025-12-14 23:04:15, EXEC, v:1, k:poo@estacionamento, mode:FULL, rate:0, size:3
2025-12-14 23:04:16, EXEC, v:1, k:poo@estacionamento, mode:FULL, rate:0, size:3
2025-12-14 23:04:16, EXEC, v:1, k:poo@estacionamento, mode:FULL, rate:0, size:3
2025-12-14 23:04:16, EXEC, v:1, k:poo@estacionamento, mode:FULL, rate:0, size:3
2025-12-14 23:04:16, EXEC, v:1, k:poo@estacionamento, mode:FULL, rate:0, size:3
2025-12-14 23:04:16, EXEC, v:1, k:poo@estacionamento, mode:FULL, rate:0, size:3
2025-12-14 23:27:46, MOVE, v:1, k:poo@estacionamento, mode:PICK
2025-12-14 23:27:49, EXEC, v:1, k:poo@estacionamento, mode:FULL, rate:0, size:24
2025-12-14 23:27:49, EXEC, v:1, k:poo@estacionamento, mode:FULL, rate:0, size:24
2025-12-14 23:36:17, EXEC, v:1, k:poo@estacionamento, mode:FULL, rate:0, size:28
2025-12-14 23:36:19, EXEC, v:1, k:poo@estacionamento, mode:FULL, rate:0
