2025-12-12 16:33:51, MOVE, v:1, k:poo@zoo, mode:DOWN
2025-12-12 16:33:53, MOVE, v:1, k:poo@zoo, mode:PICK
2025-12-12 16:34:01, MOVE, v:1, k:poo@zoo, mode:BACK
2025-12-12 18:07:58, MOVE, v:1, k:poo@zoo, mode:PICK
2025-12-12 18:07:59, EXEC, v:1, k:poo@zoo, mode:LOCK, rate:0, size:43
2025-12-12 18:08:00, EXEC, v:1, k:poo@zoo, mode:LOCK, rate:0
2025-12-12 18:08:00, EXEC, v:1, k:poo@zoo, mode:LOCK, rate:0
2025-12-12 18:08:01, EXEC, v:1, k:poo@zoo, mode:LOCK, rate:0
2025-12-12 18:08:01, EXEC, v:1, k:poo@zoo, mode:LOCK, rate:0
2025-12-12 18:08:01, EXEC, v:1, k:poo@zoo, mode:LOCK, rate:0
2025-12-12 18:08:01, EXEC, v:1, k:poo@zoo, mode:LOCK, rate:0
2025-12-12 18:08:02, EXEC, v:1, k:poo@zoo, mode:LOCK, rate:0
2025-12-12 18:08:02, EXEC, v:1, k:poo@zoo, mode:LOCK, rate:0
2025-12-12 18:12:43, EXEC, v:1, k:poo@zoo, mode:LOCK, rate:0, size:61
2025-12-12 18:12:43, EXEC, v:1, k:poo@zoo, mode:LOCK, rate:0, size:61
2025-12-12 18:12:44, EXEC, v:1, k:poo@zoo, mode:LOCK, rate:0, size:61
2025-12-12 18:12:44, EXEC, v:1, k:poo@zoo, mode:LOCK, rate:0, size:61
2025-12-12 18:12:45, EXEC, v:1, k:poo@zoo, mode:LOCK, rate:0, size:61
2025-12-12 18:13:12, EXEC, v:1, k:poo@zoo, mode:LOCK, rate:0, size:61
2025-12-12 18:13:39, EXEC, v:1, k:poo@zoo, mode:LOCK, rate:0, size:61
2025-12-12 18:13:40, EXEC, v:1, k:poo@zoo, mode:LOCK, rate:0
2025-12-12 18:14:49, EXEC, v:1, k:poo@zoo, mode:LOCK, rate:0, size:61
2025-12-12 18:15:07, EXEC, v:1, k:poo@zoo, mode:LOCK, rate:0
2025-12-12 18:15:13, EXEC, v:1, k:poo@zoo, mode:LOCK, rate:0, size:61
2025-12-12 18:15:15, EXEC, v:1, k:poo@zoo, mode:LOCK, rate:0
2025-12-12 18:15:15, EXEC, v:1, k:poo@zoo, mode:LOCK, rate:0
2025-12-12 18:15:16, EXEC, v:1, k:poo@zoo, mode:LOCK, rate:0
2025-12-12 18:15:26, EXEC, v:1, k:poo@zoo, mode:LOCK, rate:0, size:61
2025-12-12 19:28:49, MOVE, v:1, k:poo@zoo, mode:PICK
2025-12-12 19:28:50, EXEC, v:1, k:poo@zoo, mode:LOCK, rate:0, size:4
2025-12-12 19:28:57, EXEC, v:1, k:poo@zoo, mode:LOCK, rate:0, size:4
2025-12-12 19:39:51, EXEC, v:1, k:poo@zoo, mode:LOCK, rate:0, size:61
2025-12-12 19:39:52, EXEC, v:1, k:poo@zoo, mode:LOCK, rate:0
2025-12-12 19:39:52, EXEC, v:1, k:poo@zoo, mode:LOCK, rate:0
2025-12-12 19:40:06, EXEC, v:1, k:poo@zoo, mode:LOCK, rate:0, size:61
2025-12-12 19:40:22, EXEC, v:1, k:poo@zoo, mode:LOCK, rate:0, size:61
2025-12-12 19:40:35, EXEC, v:1, k:poo@zoo, mode:LOCK, rate:0, size:61
2025-12-12 19:40:47, EXEC, v:1, k:poo@zoo, mode:LOCK, rate:0, size:61
2025-12-12 19:40:54, EXEC, v:1, k:poo@zoo, mode:LOCK, rate:0, size:61
2025-12-12 19:41:06, EXEC, v:1, k:poo@zoo, mode:LOCK, rate:0, size:61
2025-12-12 19:41:25, EXEC, v:1, k:poo@zoo, mode:LOCK, rate:0, size:61
2025-12-12 19:41:50, EXEC, v:1, k:poo@zoo, mode:LOCK, rate:0, size:61
2025-12-12 19:42:06, EXEC, v:1, k:poo@zoo, mode:LOCK, rate:0, size:61
2025-12-12 19:42:17, EXEC, v:1, k:poo@zoo, mode:LOCK, rate:0, size:61
2025-12-12 19:42:26, EXEC, v:1, k:poo@zoo, mode:LOCK, rate:0
2025-12-12 19:42:42, EXEC, v:1, k:poo@zoo, mode:LOCK, rate:0
2025-12-12 19:42:47, MOVE, v:1, k:poo@zoo, mode:BACK
2025-12-12 20:00:45, MOVE, v:1, k:poo@pagamento, mode:DOWN
2025-12-12 21:55:41, MOVE, v:1, k:poo@zoo, mode:PICK
2025-12-12 21:55:42, EXEC, v:1, k:poo@zoo, mode:LOCK, rate:0
2025-12-12 21:55:43, EXEC, v:1, k:poo@zoo, mode:LOCK, rate:0
2025-12-12 21:55:43, EXEC, v:1, k:poo@zoo, mode:LOCK, rate:0
2025-12-12 21:55:43, EXEC, v:1, k:poo@zoo, mode:LOCK, rate:0
2025-12-12 21:55:44, EXEC, v:1, k:poo@zoo, mode:LOCK, rate:0
2025-12-12 21:55:44, EXEC, v:1, k:poo@zoo, mode:LOCK, rate:0
2025-12-12 21:55:44, EXEC, v:1, k:poo@zoo, mode:LOCK, rate:0
2025-12-12 21:55:44, EXEC, v:1, k:poo@zoo, mode:LOCK, rate:0
2025-12-12 21:55:44, EXEC, v:1, k:poo@zoo, mode:LOCK, rate:0
2025-12-12 21:55:44, EXEC, v:1, k:poo@zoo, mode:LOCK, rate:0
2025-12-12 21:55:45, EXEC, v:1, k:poo@zoo, mode:LOCK, rate:0
2025-12-12 21:55:45, EXEC, v:1, k:poo@zoo, mode:LOCK, rate:0
2025-12-12 21:55:45, EXEC, v:1, k:poo@zoo, mode:LOCK, rate:0
2025-12-12 21:55:45, EXEC, v:1, k:poo@zoo, mode:LOCK, rate:0
2025-12-12 21:55:45, EXEC, v:1, k:poo@zoo, mode:LOCK, rate:0
2025-12-12 21:55:46, EXEC, v:1, k:poo@zoo, mode:LOCK, rate:0
2025-12-12 21:55:46, EXEC, v:1, k:poo@zoo, mode:LOCK, rate:0
2025-12-12 21:55:46, EXEC, v:1, k:poo@zoo, mode:LOCK, rate:0
2025-12-12 21:55:46, EXEC, v:1, k:poo@zoo, mode:LOCK, rate:0
2025-12-12 21:55:46, EXEC, v:1, k:poo@zoo, mode:LOCK, rate:0
2025-12-12 21:55:46, EXEC, v:1, k:poo@zoo, mode:LOCK, rate:0
2025-12-12 21:55:47, EXEC, v:1, k:poo@zoo, mode:LOCK, rate:0
2025-12-12 21:55:47, EXEC, v:1, k:poo@zoo, mode:LOCK, rate:0
2025-12-12 21:55:47, EXEC, v:1, k:poo@zoo, mode:LOCK, rate:0
2025-12-12 21:55:47, EXEC, v:1, k:poo@zoo, mode:LOCK, rate:0
2025-12-12 21:55:48, EXEC, v:1, k:poo@zoo, mode:LOCK, rate:0
2025-12-12 21:56:01, MOVE, v:1, k:poo@pagamento, mode:PICK
2025-12-12 21:56:02, EXEC, v:1, k:poo@pagamento, mode:LOCK, rate:100, size:0
2025-12-12 21:56:03, EXEC, v:1, k:poo@pagamento, mode:LOCK, rate:100
2025-12-12 21:56:03, EXEC, v:1, k:poo@pagamento, mode:LOCK, rate:100
2025-12-12 21:56:04, EXEC, v:1, k:poo@pagamento, mode:LOCK, rate:100
2025-12-12 21:56:04, EXEC, v:1, k:poo@pagamento, mode:LOCK, rate:100
2025-12-12 21:56:04, EXEC, v:1, k:poo@pagamento, mode:LOCK, rate:100
2025-12-12 21:56:05, EXEC, v:1, k:poo@pagamento, mode:LOCK, rate:100
2025-12-12 21:57:07, EXEC, v:1, k:poo@pagamento, mode:LOCK, rate:100
2025-12-12 21:57:07, EXEC, v:1, k:poo@pagamento, mode:LOCK, rate:100
2025-12-12 22:13:06, EXEC, v:1, k:poo@pagamento, mode:LOCK, rate:0, size:33
2025-12-12 22:13:06, EXEC, v:1, k:poo@pagamento, mode:LOCK, rate:0, size:33
2025-12-12 22:13:07, EXEC, v:1, k:poo@pagamento, mode:LOCK, rate:0, size:33
2025-12-12 22:13:07, EXEC, v:1, k:poo@pagamento, mode:LOCK, rate:0, size:33
2025-12-12 22:13:08, EXEC, v:1, k:poo@pagamento, mode:LOCK, rate:0, size:33
2025-12-12 22:44:09, EXEC, v:1, k:poo@pagamento, mode:LOCK, rate:100, size:42
2025-12-12 22:44:10, EXEC, v:1, k:poo@pagamento, mode:LOCK, rate:100
2025-12-12 22:44:10, EXEC, v:1, k:poo@pagamento, mode:LOCK, rate:100
2025-12-12 22:44:10, EXEC, v:1, k:poo@pagamento, mode:LOCK, rate:100
2025-12-12 22:44:11, EXEC, v:1, k:poo@pagamento, mode:LOCK, rate:100
2025-12-12 22:44:14, EXEC, v:1, k:poo@pagamento, mode:LOCK, rate:100
2025-12-12 22:44:14, EXEC, v:1, k:poo@pagamento, mode:LOCK, rate:100
2025-12-12 22:44:14, EXEC, v:1, k:poo@pagamento, mode:LOCK, rate:100
2025-12-12 22:44:14, EXEC, v:1, k:poo@pagamento, mode:LOCK, rate:100
2025-12-12 22:44:15, EXEC, v:1, k:poo@pagamento, mode:LOCK, rate:100
2025-12-12 22:44:16, EXEC, v:1, k:poo@pagamento, mode:LOCK, rate:100
2025-12-12 22:44:16, EXEC, v:1, k:poo@pagamento, mode:LOCK, rate:100
2025-12-12 22:44:17, EXEC, v:1, k:poo@pagamento, mode:LOCK, rate:100
2025-12-12 22:44:17, EXEC, v:1, k:poo@pagamento, mode:LOCK, rate:100
2025-12-12 22:44:17, EXEC, v:1, k:poo@pagamento, mode:LOCK, rate:100
2025-12-12 22:44:18, EXEC, v:1, k:poo@pagamento, mode:LOCK, rate:100
2025-12-12 22:44:18, EXEC, v:1, k:poo@pagamento, mode:LOCK, rate:100
2025-12-12 22:44:19, EXEC, v:1, k:poo@pagamento, mode:LOCK, rate:100
2025-12-12 22:44:19, EXEC, v:1, k:poo@pagamento, mode:LOCK, rate:100
2025-12-12 22:44:42, EXEC, v:1, k:poo@pagamento, mode:LOCK, rate:0, size:45
2025-12-12 22:44:42, EXEC, v:1, k:poo@pagamento, mode:LOCK, rate:0, size:45
2025-12-12 22:44:43, EXEC, v:1, k:poo@pagamento, mode:LOCK, rate:0, size:45
2025-12-12 22:44:44, EXEC, v:1, k:poo@pagamento, mode:LOCK, rate:0
2025-12-12 22:44:44, EXEC, v:1, k:poo@pagamento, mode:LOCK, rate:0
2025-12-12 22:44:44, EXEC, v:1, k:poo@pagamento, mode:LOCK, rate:0
2025-12-12 22:44:44, EXEC, v:1, k:poo@pagamento, mode:LOCK, rate:0
2025-12-12 22:44:44, EXEC, v:1, k:poo@pagamento, mode:LOCK, rate:0
2025-12-12 22:44:44, EXEC, v:1, k:poo@pagamento, mode:LOCK, rate:0
2025-12-12 23:05:01, EXEC, v:1, k:poo@pagamento, mode:LOCK, rate:0, size:76
2025-12-12 23:05:01, EXEC, v:1, k:poo@pagamento, mode:LOCK, rate:0, size:76
2025-12-12 23:05:02, EXEC, v:1, k:poo@pagamento, mode:LOCK, rate:0, size:76
2025-12-12 23:05:02, EXEC, v:1, k:poo@pagamento, mode:LOCK, rate:0, size:76
2025-12-12 23:05:03, EXEC, v:1, k:poo@pagamento, mode:LOCK, rate:0, size:76
2025-12-12 23:05:03, EXEC, v:1, k:poo@pagamento, mode:LOCK, rate:0
2025-12-12 23:05:03, EXEC, v:1, k:poo@pagamento, mode:LOCK, rate:0
2025-12-12 23:05:03, EXEC, v:1, k:poo@pagamento, mode:LOCK, rate:0
2025-12-12 23:05:03, EXEC, v:1, k:poo@pagamento, mode:LOCK, rate:0
2025-12-12 23:05:03, EXEC, v:1, k:poo@pagamento, mode:LOCK, rate:0
2025-12-12 23:05:03, EXEC, v:1, k:poo@pagamento, mode:LOCK, rate:0
2025-12-12 23:05:03, EXEC, v:1, k:poo@pagamento, mode:LOCK, rate:0
2025-12-12 23:05:03, EXEC, v:1, k:poo@pagamento, mode:LOCK, rate:0
2025-12-12 23:05:04, EXEC, v:1, k:poo@pagamento, mode:LOCK, rate:0
2025-12-12 23:05:04, EXEC, v:1, k:poo@pagamento, mode:LOCK, rate:0
2025-12-12 23:05:04, EXEC, v:1, k:poo@pagamento, mode:LOCK, rate:0
2025-12-12 23:05:04, EXEC, v:1, k:poo@pagamento, mode:LOCK, rate:0
2025-12-12 23:05:05, EXEC, v:1, k:poo@pagamento, mode:LOCK, rate:0
2025-12-12 23:05:05, EXEC, v:1, k:poo@pagamento, mode:LOCK, rate:0
2025-12-12 23:05:05, EXEC, v:1, k:poo@pagamento, mode:LOCK, rate:0
2025-12-12 23:05:05, EXEC, v:1, k:poo@pagamento, mode:LOCK, rate:0
2025-12-12 23:05:05, EXEC, v:1, k:poo@pagamento, mode:LOCK, rate:0
2025-12-12 23:05:05, EXEC, v:1, k:poo@pagamento, mode:LOCK, rate:0
2025-12-12 23:05:06, EXEC, v:1, k:poo@pagamento, mode:LOCK, rate:0
2025-12-12 23:05:06, EXEC, v:1, k:poo@pagamento, mode:LOCK, rate:0
2025-12-12 23:05:06, EXEC, v:1, k:poo@pagamento, mode:LOCK, rate:0
2025-12-12 23:05:06, EXEC, v:1, k:poo@pagamento, mode:LOCK, rate:0
2025-12-12 23:05:29, EXEC, v:1, k:poo@pagamento, mode:LOCK, rate:0
2025-12-12 23:05:29, EXEC, v:1, k:poo@pagamento, mode:LOCK, rate:0
2025-12-12 23:05:29, EXEC, v:1, k:poo@pagamento, mode:LOCK, rate:0
2025-12-12 23:05:30, EXEC, v:1, k:poo@pagamento, mode:LOCK, rate:0
2025-12-12 23:05:30, EXEC, v:1, k:poo@pagamento, mode:LOCK, rate:0
2025-12-12 23:05:30, EXEC, v:1, k:poo@pagamento, mode:LOCK, rate:0
2025-12-12 23:05:30, EXEC, v:1, k:poo@pagamento, mode:LOCK, rate:0
2025-12-12 23:05:30, EXEC, v:1, k:poo@pagamento, mode:LOCK, rate:0
2025-12-12 23:05:31, EXEC, v:1, k:poo@pagamento, mode:LOCK, rate:0
2025-12-12 23:05:31, EXEC, v:1, k:poo@pagamento, mode:LOCK, rate:0
2025-12-12 23:05:31, EXEC, v:1, k:poo@pagamento, mode:LOCK, rate:0
2025-12-12 23:05:31, EXEC, v:1, k:poo@pagamento, mode:LOCK, rate:0
2025-12-12 23:05:31, EXEC, v:1, k:poo@pagamento, mode:LOCK, rate:0
2025-12-12 23:05:31, EXEC, v:1, k:poo@pagamento, mode:LOCK, rate:0
2025-12-12 23:05:32, EXEC, v:1, k:poo@pagamento, mode:LOCK, rate:0
2025-12-12 23:05:32, EXEC, v:1, k:poo@pagamento, mode:LOCK, rate:0
2025-12-12 23:05:32, EXEC, v:1, k:poo@pagamento, mode:LOCK, rate:0
2025-12-12 23:05:32, EXEC, v:1, k:poo@pagamento, mode:LOCK, rate:0
2025-12-12 23:05:32, EXEC, v:1, k:poo@pagamento, mode:LOCK, rate:0
2025-12-12 23:05:32, EXEC, v:1, k:poo@pagamento, mode:LOCK, rate:0
2025-12-12 23:05:33, EXEC, v:1, k:poo@pagamento, mode:LOCK, rate:0
2025-12-12 23:05:33, EXEC, v:1, k:poo@pagamento, mode:LOCK, rate:0
2025-12-12 23:05:33, EXEC, v:1, k:poo@pagamento, mode:LOCK, rate:0
2025-12-12 23:05:33, EXEC, v:1, k:poo@pagamento, mode:LOCK, rate:0
2025-12-12 23:05:33, EXEC, v:1, k:poo@pagamento, mode:LOCK, rate:0
2025-12-12 23:05:33, EXEC, v:1, k:poo@pagamento, mode:LOCK, rate:0
2025-12-12 23:05:34, EXEC, v:1, k:poo@pagamento, mode:LOCK, rate:0
2025-12-12 23:05:34, EXEC, v:1, k:poo@pagamento, mode:LOCK, rate:0
2025-12-12 23:05:34, EXEC, v:1, k:poo@pagamento, mode:LOCK, rate:0
2025-12-12 23:05:34, EXEC, v:1, k:poo@pagamento, mode:LOCK, rate:0
2025-12-12 23:05:34, EXEC, v:1, k:poo@pagamento, mode:LOCK, rate:0
2025-12-12 23:05:35, EXEC, v:1, k:poo@pagamento, mode:LOCK, rate:0
2025-12-12 23:05:35, EXEC, v:1, k:poo@pagamento, mode:LOCK, rate:0
2025-12-12 23:05:35, EXEC, v:1, k:poo@pagamento, mode:LOCK, rate:0
2025-12-12 23:05:35, EXEC, v:1, k:poo@pagamento, mode:LOCK, rate:0
2025-12-12 23:05:36, EXEC, v:1, k:poo@pagamento, mode:LOCK, rate:0
2025-12-12 23:05:36, EXEC, v:1, k:poo@pagamento, mode:LOCK, rate:0
2025-12-12 23:05:36, EXEC, v:1, k:poo@pagamento, mode:LOCK, rate:0
2025-12-12 23:05:36, EXEC, v:1, k:poo@pagamento, mode:LOCK, rate:0
2025-12-12 23:05:36, EXEC, v:1, k:poo@pagamento, mode:LOCK, rate:0
2025-12-12 23:05:37, EXEC, v:1, k:poo@pagamento, mode:LOCK, rate:0
2025-12-12 23:05:37, EXEC, v:1, k:poo@pagamento, mode:LOCK, rate:0
2025-12-12 23:05:37, EXEC, v:1, k:poo@pagamento, mode:LOCK, rate:0
2025-12-12 23:05:37, EXEC, v:1, k:poo@pagamento, mode:LOCK, rate:0
2025-12-12 23:05:37, EXEC, v:1, k:poo@pagamento, mode:LOCK, rate:0
2025-12-12 23:05:38, EXEC, v:1, k:poo@pagamento, mode:LOCK, rate:0
2025-12-12 23:05:38, EXEC, v:1, k:poo@pagamento, mode:LOCK, rate:0
2025-12-12 23:05:38, EXEC, v:1, k:poo@pagamento, mode:LOCK, rate:0
2025-12-12 23:05:38, EXEC, v:1, k:poo@pagamento, mode:LOCK, rate:0
2025-12-12 23:05:38, EXEC, v:1, k:poo@pagamento, mode:LOCK, rate:0
2025-12-12 23:05:39, EXEC, v:1, k:poo@pagamento, mode:LOCK, rate:0
2025-12-12 23:05:39, EXEC, v:1, k:poo@pagamento, mode:LOCK, rate:0
2025-12-12 23:05:39, EXEC, v:1, k:poo@pagamento, mode:LOCK, rate:0
2025-12-12 23:05:39, EXEC, v:1, k:poo@pagamento, mode:LOCK, rate:0
2025-12-12 23:05:39, EXEC, v:1, k:poo@pagamento, mode:LOCK, rate:0
2025-12-12 23:05:40, EXEC, v:1, k:poo@pagamento, mode:LOCK, rate:0
2025-12-12 23:05:40, EXEC, v:1, k:poo@pagamento, mode:LOCK, rate:0
2025-12-12 23:05:40, EXEC, v:1, k:poo@pagamento, mode:LOCK, rate:0
2025-12-12 23:05:40, EXEC, v:1, k:poo@pagamento, mode:LOCK, rate:0
2025-12-12 23:05:41, EXEC, v:1, k:poo@pagamento, mode:LOCK, rate:0
2025-12-12 23:05:41, EXEC, v:1, k:poo@pagamento, mode:LOCK, rate:0
2025-12-12 23:05:41, EXEC, v:1, k:poo@pagamento, mode:LOCK, rate:0
2025-12-12 23:05:41, EXEC, v:1, k:poo@pagamento, mode:LOCK, rate:0
2025-12-12 23:05:42, EXEC, v:1, k:poo@pagamento, mode:LOCK, rate:0
2025-12-12 23:05:42, EXEC, v:1, k:poo@pagamento, mode:LOCK, rate:0
2025-12-12 23:05:42, EXEC, v:1, k:poo@pagamento, mode:LOCK, rate:0
2025-12-12 23:05:42, EXEC, v:1, k:poo@pagamento, mode:LOCK, rate:0
2025-12-12 23:05:42, EXEC, v:1, k:poo@pagamento, mode:LOCK, rate:0
2025-12-12 23:05:42, EXEC, v:1, k:poo@pagamento, mode:LOCK, rate:0
2025-12-12 23:05:43, EXEC, v:1, k:poo@pagamento, mode:LOCK, rate:0
2025-12-12 23:05:43, EXEC, v:1, k:poo@pagamento, mode:LOCK, rate:0
2025-12-12 23:05:43, EXEC, v:1, k:poo@pagamento, mode:LOCK, rate:0
2025-12-12 23:05:43, EXEC, v:1, k:poo@pagamento, mode:LOCK, rate:0
2025-12-12 23:05:43, EXEC, v:1, k:poo@pagamento, mode:LOCK, rate:0
2025-12-12 23:05:44, EXEC, v:1, k:poo@pagamento, mode:LOCK, rate:0
2025-12-12 23:05:44, EXEC, v:1, k:poo@pagamento, mode:LOCK, rate:0
2025-12-12 23:05:44, EXEC, v:1, k:poo@pagamento, mode:LOCK, rate:0
2025-12-12 23:05:44, EXEC, v:1, k:poo@pagamento, mode:LOCK, rate:0
2025-12-12 23:05:44, EXEC, v:1, k:poo@pagamento, mode:LOCK, rate:0
2025-12-12 23:12:49, EXEC, v:1, k:poo@pagamento, mode:LOCK, rate:0
2025-12-12 23:12:50, EXEC, v:1, k:poo@pagamento, mode:LOCK, rate:0
2025-12-12 23:12:50, EXEC, v:1, k:poo@pagamento, mode:LOCK, rate:0
2025-12-12 23:12:50, EXEC, v:1, k:poo@pagamento, mode:LOCK, rate:0
2025-12-12 23:12:50, EXEC, v:1, k:poo@pagamento, mode:LOCK, rate:0
2025-12-12 23:34:34, EXEC, v:1, k:poo@pagamento, mode:LOCK, rate:0, size:79
2025-12-12 23:42:35, EXEC, v:1, k:poo@pagamento, mode:LOCK, rate:0, size:82
2025-12-12 23:42:48, EXEC, v:1, k:poo@pagamento, mode:LOCK, rate:0, size:82
2025-12-12 23:42:49, EXEC, v:1, k:poo@pagamento, mode:LOCK, rate:0
2025-12-12 23:42:49, EXEC, v:1, k:poo@pagamento, mode:LOCK, rate:0
2025-12-12 23:42:50, EXEC, v:1, k:poo@pagamento, mode:LOCK, rate:0
2025-12-12 23:51:40, EXEC, v:1, k:poo@pagamento, mode:LOCK, rate:0, size:78
2025-12-12 23:51:40, EXEC, v:1, k:poo@pagamento, mode:LOCK, rate:0, size:78
2025-12-12 23:51:41, EXEC, v:1, k:poo@pagamento, mode:LOCK, rate:0, size:78
2025-12-12 23:52:55, EXEC, v:1, k:poo@pagamento, mode:LOCK, rate:0
2025-12-12 23:52:56, EXEC, v:1, k:poo@pagamento, mode:LOCK, rate:0
